timestamp: 2018-10-22T18:56:55.568000
CREATE TABLE "auth_user"(
    "id" INTEGER PRIMARY KEY AUTOINCREMENT,
    "first_name" CHAR(128),
    "last_name" CHAR(128),
    "email" CHAR(512),
    "password" CHAR(512),
    "registration_key" CHAR(512),
    "reset_password_key" CHAR(512),
    "registration_id" CHAR(512)
);
success!
timestamp: 2018-10-22T18:56:55.742000
CREATE TABLE "auth_group"(
    "id" INTEGER PRIMARY KEY AUTOINCREMENT,
    "role" CHAR(512),
    "description" TEXT
);
success!
timestamp: 2018-10-22T18:56:55.874000
CREATE TABLE "auth_membership"(
    "id" INTEGER PRIMARY KEY AUTOINCREMENT,
    "user_id" INTEGER REFERENCES "auth_user" ("id") ON DELETE CASCADE  ,
    "group_id" INTEGER REFERENCES "auth_group" ("id") ON DELETE CASCADE  
);
success!
timestamp: 2018-10-22T18:56:56.065000
CREATE TABLE "auth_permission"(
    "id" INTEGER PRIMARY KEY AUTOINCREMENT,
    "group_id" INTEGER REFERENCES "auth_group" ("id") ON DELETE CASCADE  ,
    "name" CHAR(512),
    "table_name" CHAR(512),
    "record_id" INTEGER
);
success!
timestamp: 2018-10-22T18:56:56.224000
CREATE TABLE "auth_event"(
    "id" INTEGER PRIMARY KEY AUTOINCREMENT,
    "time_stamp" TIMESTAMP,
    "client_ip" CHAR(512),
    "user_id" INTEGER REFERENCES "auth_user" ("id") ON DELETE CASCADE  ,
    "origin" CHAR(512),
    "description" TEXT
);
success!
timestamp: 2018-10-22T18:56:56.385000
CREATE TABLE "auth_cas"(
    "id" INTEGER PRIMARY KEY AUTOINCREMENT,
    "user_id" INTEGER REFERENCES "auth_user" ("id") ON DELETE CASCADE  ,
    "created_on" TIMESTAMP,
    "service" CHAR(512),
    "ticket" CHAR(512),
    "renew" CHAR(1)
);
success!
timestamp: 2018-10-22T18:59:18.299000
CREATE TABLE "jyl"(
    "id" INTEGER PRIMARY KEY AUTOINCREMENT,
    "db_jyl" CHAR(512)
);
success!
timestamp: 2018-10-22T19:05:16.892000
CREATE TABLE "interface"(
    "id" INTEGER PRIMARY KEY AUTOINCREMENT,
    "db_interface" CHAR(512)
);
success!
timestamp: 2018-10-23T13:03:09.010000
CREATE TABLE "image"(
    "id" INTEGER PRIMARY KEY AUTOINCREMENT,
    "title" CHAR(512) UNIQUE,
    "file" CHAR(512)
);
success!
timestamp: 2018-10-23T13:03:10.131000
CREATE TABLE "post"(
    "id" INTEGER PRIMARY KEY AUTOINCREMENT,
    "image_id" INTEGER REFERENCES "image" ("id") ON DELETE CASCADE  ,
    "author" CHAR(512),
    "email" CHAR(512),
    "body" TEXT
);
success!
timestamp: 2018-10-23T13:27:02.669000
ALTER TABLE "auth_user" ADD "username" CHAR(128);
success!
